{
  "0 debug pnpm:scope": {
    "selected": 1,
    "workspacePrefix": "G:\\work\\study\\vue3-analysis\\10-finish-comp-props"
  },
  "1 error pnpm": {
    "errno": 1,
    "code": "ELIFECYCLE",
    "pkgid": "9-init-comp-mount@1.0.0",
    "stage": "test",
    "script": "pnpm -r --filter=./packages/** run test \"--testLocationInResults\" \"--json\" \"--useStderr\" \"--outputFile\" \"C:\\\\Users\\\\ADMINI~1\\\\AppData\\\\Local\\\\Temp\\\\jest_runner_10_finish_comp_props.json\" \"--watch\" \"--no-coverage\" \"--reporters\" \"default\" \"--reporters\" \"c:\\\\Users\\\\Administrator\\\\.vscode\\\\extensions\\\\orta.vscode-jest-4.6.0\\\\out\\\\reporter.js\" \"--colors\"",
    "pkgname": "9-init-comp-mount",
    "err": {
      "name": "pnpm",
      "message": "9-init-comp-mount@1.0.0 test: `pnpm -r --filter=./packages/** run test \"--testLocationInResults\" \"--json\" \"--useStderr\" \"--outputFile\" \"C:\\\\Users\\\\ADMINI~1\\\\AppData\\\\Local\\\\Temp\\\\jest_runner_10_finish_comp_props.json\" \"--watch\" \"--no-coverage\" \"--reporters\" \"default\" \"--reporters\" \"c:\\\\Users\\\\Administrator\\\\.vscode\\\\extensions\\\\orta.vscode-jest-4.6.0\\\\out\\\\reporter.js\" \"--colors\"`\nExit status 1",
      "code": "ELIFECYCLE",
      "stack": "pnpm: 9-init-comp-mount@1.0.0 test: `pnpm -r --filter=./packages/** run test \"--testLocationInResults\" \"--json\" \"--useStderr\" \"--outputFile\" \"C:\\\\Users\\\\ADMINI~1\\\\AppData\\\\Local\\\\Temp\\\\jest_runner_10_finish_comp_props.json\" \"--watch\" \"--no-coverage\" \"--reporters\" \"default\" \"--reporters\" \"c:\\\\Users\\\\Administrator\\\\.vscode\\\\extensions\\\\orta.vscode-jest-4.6.0\\\\out\\\\reporter.js\" \"--colors\"`\nExit status 1\n    at EventEmitter.<anonymous> (D:\\soft\\codeProcess\\node\\node_global\\node_modules\\pnpm\\dist\\pnpm.cjs:106976:20)\n    at EventEmitter.emit (node:events:394:28)\n    at ChildProcess.<anonymous> (D:\\soft\\codeProcess\\node\\node_global\\node_modules\\pnpm\\dist\\pnpm.cjs:93542:18)\n    at ChildProcess.emit (node:events:394:28)\n    at maybeClose (node:internal/child_process:1067:16)\n    at Process.ChildProcess._handle.onexit (node:internal/child_process:301:5)"
    }
  },
  "2 warn pnpm:global": " Local package.json exists, but node_modules missing, did you mean to install?"
}